{
  "RSpec": {
    "coverage": {
      "C:/Users/Rost/RubymineProjects/currency_exchange_rate/lib/currency_exchange_rate.rb": {
        "lines": [
          null,
          null,
          1,
          1,
          1,
          null,
          null,
          1,
          1,
          null,
          1,
          1,
          7,
          null,
          null
        ]
      },
      "C:/Users/Rost/RubymineProjects/currency_exchange_rate/lib/currency_exchange_rate/client.rb": {
        "lines": [
          null,
          null,
          1,
          1,
          1,
          1,
          1,
          1,
          1,
          43,
          43,
          null,
          1,
          null,
          null,
          1,
          1,
          null,
          1,
          1,
          null,
          0,
          null,
          null,
          1,
          1,
          null,
          1,
          1,
          null,
          0,
          null,
          0,
          null,
          null,
          1,
          6,
          6,
          6,
          null,
          null,
          null
        ]
      },
      "C:/Users/Rost/RubymineProjects/currency_exchange_rate/lib/currency_exchange_rate/version.rb": {
        "lines": [
          null,
          null,
          1,
          1,
          1,
          null
        ]
      }
    },
    "timestamp": 1681656907
  }
}
